{"numFailedTestSuites":9,"numFailedTests":5,"numPassedTestSuites":12,"numPassedTests":33,"numPendingTestSuites":0,"numPendingTests":0,"numRuntimeErrorTestSuites":6,"numTodoTests":0,"numTotalTestSuites":21,"numTotalTests":38,"openHandles":[],"snapshot":{"added":0,"didUpdate":false,"failure":false,"filesAdded":0,"filesRemoved":0,"filesRemovedList":[],"filesUnmatched":0,"filesUpdated":0,"matched":0,"total":0,"unchecked":0,"uncheckedKeysByFile":[],"unmatched":0,"updated":0},"startTime":1775850944905,"success":false,"testResults":[{"assertionResults":[{"ancestorTitles":["WalletService"],"duration":7,"failureDetails":[],"failureMessages":[],"fullName":"WalletService rejects non-USDT deposit requests","invocations":1,"location":null,"numPassingAsserts":1,"retryReasons":[],"status":"passed","title":"rejects non-USDT deposit requests"},{"ancestorTitles":["WalletService"],"duration":2,"failureDetails":[],"failureMessages":[],"fullName":"WalletService rejects non-USDT withdrawal requests","invocations":1,"location":null,"numPassingAsserts":1,"retryReasons":[],"status":"passed","title":"rejects non-USDT withdrawal requests"},{"ancestorTitles":["WalletService"],"duration":0,"failureDetails":[],"failureMessages":[],"fullName":"WalletService rejects wallet deposit requests for users without approved KYC","invocations":1,"location":null,"numPassingAsserts":1,"retryReasons":[],"status":"passed","title":"rejects wallet deposit requests for users without approved KYC"},{"ancestorTitles":["WalletService"],"duration":1,"failureDetails":[],"failureMessages":[],"fullName":"WalletService rejects wallet withdrawal requests for users without approved KYC","invocations":1,"location":null,"numPassingAsserts":1,"retryReasons":[],"status":"passed","title":"rejects wallet withdrawal requests for users without approved KYC"},{"ancestorTitles":["WalletService"],"duration":2,"failureDetails":[],"failureMessages":[],"fullName":"WalletService routes linked withdrawal approvals through the withdrawal workflow","invocations":1,"location":null,"numPassingAsserts":3,"retryReasons":[],"status":"passed","title":"routes linked withdrawal approvals through the withdrawal workflow"},{"ancestorTitles":["WalletService"],"duration":0,"failureDetails":[],"failureMessages":[],"fullName":"WalletService routes linked withdrawal rejections through the withdrawal workflow","invocations":1,"location":null,"numPassingAsserts":3,"retryReasons":[],"status":"passed","title":"routes linked withdrawal rejections through the withdrawal workflow"}],"endTime":1775850948450,"message":"","name":"C:\\Users\\daram\\autovestai\\tests\\wallet.service.spec.ts","startTime":1775850944975,"status":"passed","summary":""},{"assertionResults":[{"ancestorTitles":["AuthService"],"duration":8,"failureDetails":[{"type":"AuthService","context":{"index":0,"dependencies":[null,null,null,null,null,null,null,null,null]},"metadata":{"id":"2a394a4c8f71efa4adb4d"},"moduleRef":{"id":"faa59d0ef72a394a4c8f7"}}],"failureMessages":["Error: Nest can't resolve dependencies of the AuthService (?, UsersService, JwtService, AffiliatesService, AdminChatService, BrokerSettingsService, SessionsService, AuditService, SurveillanceService). Please make sure that the argument AdminUsersService at index [0] is available in the RootTestModule context.\n\nPotential solutions:\n- Is RootTestModule a valid NestJS module?\n- If AdminUsersService is a provider, is it part of the current RootTestModule?\n- If AdminUsersService is exported from a separate @Module, is that module imported within RootTestModule?\n  @Module({\n    imports: [ /* the Module containing AdminUsersService */ ]\n  })\n\n    at TestingInjector.lookupComponentInParentModules (C:\\Users\\daram\\autovestai\\node_modules\\@nestjs\\core\\injector\\injector.js:262:19)\n    at async TestingInjector.resolveComponentInstance (C:\\Users\\daram\\autovestai\\node_modules\\@nestjs\\core\\injector\\injector.js:215:33)\n    at async TestingInjector.resolveComponentInstance (C:\\Users\\daram\\autovestai\\node_modules\\@nestjs\\testing\\testing-injector.js:19:45)\n    at async resolveParam (C:\\Users\\daram\\autovestai\\node_modules\\@nestjs\\core\\injector\\injector.js:129:38)\n    at async Promise.all (index 0)\n    at async TestingInjector.resolveConstructorParams (C:\\Users\\daram\\autovestai\\node_modules\\@nestjs\\core\\injector\\injector.js:144:27)\n    at async TestingInjector.loadInstance (C:\\Users\\daram\\autovestai\\node_modules\\@nestjs\\core\\injector\\injector.js:70:13)\n    at async TestingInjector.loadProvider (C:\\Users\\daram\\autovestai\\node_modules\\@nestjs\\core\\injector\\injector.js:98:9)\n    at async C:\\Users\\daram\\autovestai\\node_modules\\@nestjs\\core\\injector\\instance-loader.js:56:13\n    at async Promise.all (index 3)\n    at async TestingInstanceLoader.createInstancesOfProviders (C:\\Users\\daram\\autovestai\\node_modules\\@nestjs\\core\\injector\\instance-loader.js:55:9)\n    at async C:\\Users\\daram\\autovestai\\node_modules\\@nestjs\\core\\injector\\instance-loader.js:40:13\n    at async Promise.all (index 1)\n    at async TestingInstanceLoader.createInstances (C:\\Users\\daram\\autovestai\\node_modules\\@nestjs\\core\\injector\\instance-loader.js:39:9)\n    at async TestingInstanceLoader.createInstancesOfDependencies (C:\\Users\\daram\\autovestai\\node_modules\\@nestjs\\core\\injector\\instance-loader.js:22:13)\n    at async TestingInstanceLoader.createInstancesOfDependencies (C:\\Users\\daram\\autovestai\\node_modules\\@nestjs\\testing\\testing-instance-loader.js:9:9)\n    at async TestingModuleBuilder.createInstancesOfDependencies (C:\\Users\\daram\\autovestai\\node_modules\\@nestjs\\testing\\testing-module.builder.js:118:9)\n    at async TestingModuleBuilder.compile (C:\\Users\\daram\\autovestai\\node_modules\\@nestjs\\testing\\testing-module.builder.js:74:9)\n    at async Object.<anonymous> (C:\\Users\\daram\\autovestai\\tests\\auth.service.spec.ts:35:23)"],"fullName":"AuthService returns access and refresh tokens on successful login","invocations":1,"location":null,"numPassingAsserts":0,"retryReasons":[],"status":"failed","title":"returns access and refresh tokens on successful login"},{"ancestorTitles":["AuthService"],"duration":2,"failureDetails":[{"type":"AuthService","context":{"index":0,"dependencies":[null,null,null,null,null,null,null,null,null]},"metadata":{"id":"01bfbf73d081f4f96401c"},"moduleRef":{"id":"b4daf0665601bfbf73d08"}}],"failureMessages":["Error: Nest can't resolve dependencies of the AuthService (?, UsersService, JwtService, AffiliatesService, AdminChatService, BrokerSettingsService, SessionsService, AuditService, SurveillanceService). Please make sure that the argument AdminUsersService at index [0] is available in the RootTestModule context.\n\nPotential solutions:\n- Is RootTestModule a valid NestJS module?\n- If AdminUsersService is a provider, is it part of the current RootTestModule?\n- If AdminUsersService is exported from a separate @Module, is that module imported within RootTestModule?\n  @Module({\n    imports: [ /* the Module containing AdminUsersService */ ]\n  })\n\n    at TestingInjector.lookupComponentInParentModules (C:\\Users\\daram\\autovestai\\node_modules\\@nestjs\\core\\injector\\injector.js:262:19)\n    at async TestingInjector.resolveComponentInstance (C:\\Users\\daram\\autovestai\\node_modules\\@nestjs\\core\\injector\\injector.js:215:33)\n    at async TestingInjector.resolveComponentInstance (C:\\Users\\daram\\autovestai\\node_modules\\@nestjs\\testing\\testing-injector.js:19:45)\n    at async resolveParam (C:\\Users\\daram\\autovestai\\node_modules\\@nestjs\\core\\injector\\injector.js:129:38)\n    at async Promise.all (index 0)\n    at async TestingInjector.resolveConstructorParams (C:\\Users\\daram\\autovestai\\node_modules\\@nestjs\\core\\injector\\injector.js:144:27)\n    at async TestingInjector.loadInstance (C:\\Users\\daram\\autovestai\\node_modules\\@nestjs\\core\\injector\\injector.js:70:13)\n    at async TestingInjector.loadProvider (C:\\Users\\daram\\autovestai\\node_modules\\@nestjs\\core\\injector\\injector.js:98:9)\n    at async C:\\Users\\daram\\autovestai\\node_modules\\@nestjs\\core\\injector\\instance-loader.js:56:13\n    at async Promise.all (index 3)\n    at async TestingInstanceLoader.createInstancesOfProviders (C:\\Users\\daram\\autovestai\\node_modules\\@nestjs\\core\\injector\\instance-loader.js:55:9)\n    at async C:\\Users\\daram\\autovestai\\node_modules\\@nestjs\\core\\injector\\instance-loader.js:40:13\n    at async Promise.all (index 1)\n    at async TestingInstanceLoader.createInstances (C:\\Users\\daram\\autovestai\\node_modules\\@nestjs\\core\\injector\\instance-loader.js:39:9)\n    at async TestingInstanceLoader.createInstancesOfDependencies (C:\\Users\\daram\\autovestai\\node_modules\\@nestjs\\core\\injector\\instance-loader.js:22:13)\n    at async TestingInstanceLoader.createInstancesOfDependencies (C:\\Users\\daram\\autovestai\\node_modules\\@nestjs\\testing\\testing-instance-loader.js:9:9)\n    at async TestingModuleBuilder.createInstancesOfDependencies (C:\\Users\\daram\\autovestai\\node_modules\\@nestjs\\testing\\testing-module.builder.js:118:9)\n    at async TestingModuleBuilder.compile (C:\\Users\\daram\\autovestai\\node_modules\\@nestjs\\testing\\testing-module.builder.js:74:9)\n    at async Object.<anonymous> (C:\\Users\\daram\\autovestai\\tests\\auth.service.spec.ts:105:23)"],"fullName":"AuthService rejects invalid credentials","invocations":1,"location":null,"numPassingAsserts":0,"retryReasons":[],"status":"failed","title":"rejects invalid credentials"}],"endTime":1775850948716,"message":"  ● AuthService › returns access and refresh tokens on successful login\n\n    Nest can't resolve dependencies of the AuthService (?, UsersService, JwtService, AffiliatesService, AdminChatService, BrokerSettingsService, SessionsService, AuditService, SurveillanceService). Please make sure that the argument AdminUsersService at index [0] is available in the RootTestModule context.\n\n    Potential solutions:\n    - Is RootTestModule a valid NestJS module?\n    - If AdminUsersService is a provider, is it part of the current RootTestModule?\n    - If AdminUsersService is exported from a separate @Module, is that module imported within RootTestModule?\n      @Module({\n        imports: [ /* the Module containing AdminUsersService */ ]\n      })\n\n    \u001b[0m \u001b[90m 33 |\u001b[39m     }\u001b[33m;\u001b[39m\n     \u001b[90m 34 |\u001b[39m\n    \u001b[31m\u001b[1m>\u001b[22m\u001b[39m\u001b[90m 35 |\u001b[39m     \u001b[36mconst\u001b[39m moduleRef \u001b[33m=\u001b[39m \u001b[36mawait\u001b[39m \u001b[33mTest\u001b[39m\u001b[33m.\u001b[39mcreateTestingModule({\n     \u001b[90m    |\u001b[39m                       \u001b[31m\u001b[1m^\u001b[22m\u001b[39m\n     \u001b[90m 36 |\u001b[39m       providers\u001b[33m:\u001b[39m [\n     \u001b[90m 37 |\u001b[39m         \u001b[33mAuthService\u001b[39m\u001b[33m,\u001b[39m\n     \u001b[90m 38 |\u001b[39m         {\u001b[0m\n\n      at TestingInjector.lookupComponentInParentModules (node_modules/@nestjs/core/injector/injector.js:262:19)\n      at async TestingInjector.resolveComponentInstance (node_modules/@nestjs/core/injector/injector.js:215:33)\n      at async TestingInjector.resolveComponentInstance (node_modules/@nestjs/testing/testing-injector.js:19:45)\n      at async resolveParam (node_modules/@nestjs/core/injector/injector.js:129:38)\n          at async Promise.all (index 0)\n      at async TestingInjector.resolveConstructorParams (node_modules/@nestjs/core/injector/injector.js:144:27)\n      at async TestingInjector.loadInstance (node_modules/@nestjs/core/injector/injector.js:70:13)\n      at async TestingInjector.loadProvider (node_modules/@nestjs/core/injector/injector.js:98:9)\n      at async C:/Users/daram/autovestai/node_modules/@nestjs/core/injector/instance-loader.js:56:13\n          at async Promise.all (index 3)\n      at async TestingInstanceLoader.createInstancesOfProviders (node_modules/@nestjs/core/injector/instance-loader.js:55:9)\n      at async C:/Users/daram/autovestai/node_modules/@nestjs/core/injector/instance-loader.js:40:13\n          at async Promise.all (index 1)\n      at async TestingInstanceLoader.createInstances (node_modules/@nestjs/core/injector/instance-loader.js:39:9)\n      at async TestingInstanceLoader.createInstancesOfDependencies (node_modules/@nestjs/core/injector/instance-loader.js:22:13)\n      at async TestingInstanceLoader.createInstancesOfDependencies (node_modules/@nestjs/testing/testing-instance-loader.js:9:9)\n      at async TestingModuleBuilder.createInstancesOfDependencies (node_modules/@nestjs/testing/testing-module.builder.js:118:9)\n      at async TestingModuleBuilder.compile (node_modules/@nestjs/testing/testing-module.builder.js:74:9)\n      at async Object.<anonymous> (tests/auth.service.spec.ts:35:23)\n\n  ● AuthService › rejects invalid credentials\n\n    Nest can't resolve dependencies of the AuthService (?, UsersService, JwtService, AffiliatesService, AdminChatService, BrokerSettingsService, SessionsService, AuditService, SurveillanceService). Please make sure that the argument AdminUsersService at index [0] is available in the RootTestModule context.\n\n    Potential solutions:\n    - Is RootTestModule a valid NestJS module?\n    - If AdminUsersService is a provider, is it part of the current RootTestModule?\n    - If AdminUsersService is exported from a separate @Module, is that module imported within RootTestModule?\n      @Module({\n        imports: [ /* the Module containing AdminUsersService */ ]\n      })\n\n    \u001b[0m \u001b[90m 103 |\u001b[39m\n     \u001b[90m 104 |\u001b[39m   it(\u001b[32m'rejects invalid credentials'\u001b[39m\u001b[33m,\u001b[39m \u001b[36masync\u001b[39m () \u001b[33m=>\u001b[39m {\n    \u001b[31m\u001b[1m>\u001b[22m\u001b[39m\u001b[90m 105 |\u001b[39m     \u001b[36mconst\u001b[39m moduleRef \u001b[33m=\u001b[39m \u001b[36mawait\u001b[39m \u001b[33mTest\u001b[39m\u001b[33m.\u001b[39mcreateTestingModule({\n     \u001b[90m     |\u001b[39m                       \u001b[31m\u001b[1m^\u001b[22m\u001b[39m\n     \u001b[90m 106 |\u001b[39m       providers\u001b[33m:\u001b[39m [\n     \u001b[90m 107 |\u001b[39m         \u001b[33mAuthService\u001b[39m\u001b[33m,\u001b[39m\n     \u001b[90m 108 |\u001b[39m         {\u001b[0m\n\n      at TestingInjector.lookupComponentInParentModules (node_modules/@nestjs/core/injector/injector.js:262:19)\n      at async TestingInjector.resolveComponentInstance (node_modules/@nestjs/core/injector/injector.js:215:33)\n      at async TestingInjector.resolveComponentInstance (node_modules/@nestjs/testing/testing-injector.js:19:45)\n      at async resolveParam (node_modules/@nestjs/core/injector/injector.js:129:38)\n          at async Promise.all (index 0)\n      at async TestingInjector.resolveConstructorParams (node_modules/@nestjs/core/injector/injector.js:144:27)\n      at async TestingInjector.loadInstance (node_modules/@nestjs/core/injector/injector.js:70:13)\n      at async TestingInjector.loadProvider (node_modules/@nestjs/core/injector/injector.js:98:9)\n      at async C:/Users/daram/autovestai/node_modules/@nestjs/core/injector/instance-loader.js:56:13\n          at async Promise.all (index 3)\n      at async TestingInstanceLoader.createInstancesOfProviders (node_modules/@nestjs/core/injector/instance-loader.js:55:9)\n      at async C:/Users/daram/autovestai/node_modules/@nestjs/core/injector/instance-loader.js:40:13\n          at async Promise.all (index 1)\n      at async TestingInstanceLoader.createInstances (node_modules/@nestjs/core/injector/instance-loader.js:39:9)\n      at async TestingInstanceLoader.createInstancesOfDependencies (node_modules/@nestjs/core/injector/instance-loader.js:22:13)\n      at async TestingInstanceLoader.createInstancesOfDependencies (node_modules/@nestjs/testing/testing-instance-loader.js:9:9)\n      at async TestingModuleBuilder.createInstancesOfDependencies (node_modules/@nestjs/testing/testing-module.builder.js:118:9)\n      at async TestingModuleBuilder.compile (node_modules/@nestjs/testing/testing-module.builder.js:74:9)\n      at async Object.<anonymous> (tests/auth.service.spec.ts:105:23)\n","name":"C:\\Users\\daram\\autovestai\\tests\\auth.service.spec.ts","startTime":1775850948462,"status":"failed","summary":""},{"assertionResults":[{"ancestorTitles":["ReconciliationService"],"duration":3,"failureDetails":[{"matcherResult":{"actual":"WARNING","expected":"OK","message":"expect(received).toBe(expected) // Object.is equality\n\nExpected: \"OK\"\nReceived: \"WARNING\"","name":"toBe","pass":false}}],"failureMessages":["Error: expect(received).toBe(expected) // Object.is equality\n\nExpected: \"OK\"\nReceived: \"WARNING\"\n    at Object.<anonymous> (C:\\Users\\daram\\autovestai\\tests\\reconciliation.service.spec.ts:157:24)"],"fullName":"ReconciliationService returns OK when treasury is within tolerance","invocations":1,"location":null,"numPassingAsserts":0,"retryReasons":[],"status":"failed","title":"returns OK when treasury is within tolerance"},{"ancestorTitles":["ReconciliationService"],"duration":1,"failureDetails":[],"failureMessages":[],"fullName":"ReconciliationService returns WARNING when the treasury snapshot is stale","invocations":1,"location":null,"numPassingAsserts":2,"retryReasons":[],"status":"passed","title":"returns WARNING when the treasury snapshot is stale"},{"ancestorTitles":["ReconciliationService"],"duration":0,"failureDetails":[],"failureMessages":[],"fullName":"ReconciliationService returns ERROR when liabilities exceed treasury","invocations":1,"location":null,"numPassingAsserts":2,"retryReasons":[],"status":"passed","title":"returns ERROR when liabilities exceed treasury"},{"ancestorTitles":["ReconciliationService"],"duration":0,"failureDetails":[],"failureMessages":[],"fullName":"ReconciliationService uses approved-but-not-sent withdrawals in operational difference","invocations":1,"location":null,"numPassingAsserts":4,"retryReasons":[],"status":"passed","title":"uses approved-but-not-sent withdrawals in operational difference"},{"ancestorTitles":["ReconciliationService"],"duration":1,"failureDetails":[],"failureMessages":[],"fullName":"ReconciliationService persists and audits on-demand reconciliation runs","invocations":1,"location":null,"numPassingAsserts":2,"retryReasons":[],"status":"passed","title":"persists and audits on-demand reconciliation runs"}],"endTime":1775850948915,"message":"  ● ReconciliationService › returns OK when treasury is within tolerance\n\n    expect(received).toBe(expected) // Object.is equality\n\n    Expected: \"OK\"\n    Received: \"WARNING\"\n\n    \u001b[0m \u001b[90m 155 |\u001b[39m     \u001b[36mconst\u001b[39m run \u001b[33m=\u001b[39m \u001b[36mawait\u001b[39m service\u001b[33m.\u001b[39mrunReconciliation()\u001b[33m;\u001b[39m\n     \u001b[90m 156 |\u001b[39m\n    \u001b[31m\u001b[1m>\u001b[22m\u001b[39m\u001b[90m 157 |\u001b[39m     expect(run\u001b[33m.\u001b[39mstatus)\u001b[33m.\u001b[39mtoBe(\u001b[33mReconciliationStatus\u001b[39m\u001b[33m.\u001b[39m\u001b[33mOK\u001b[39m)\u001b[33m;\u001b[39m\n     \u001b[90m     |\u001b[39m                        \u001b[31m\u001b[1m^\u001b[22m\u001b[39m\n     \u001b[90m 158 |\u001b[39m     expect(run\u001b[33m.\u001b[39mgrossDifference)\u001b[33m.\u001b[39mtoBe(\u001b[35m0\u001b[39m)\u001b[33m;\u001b[39m\n     \u001b[90m 159 |\u001b[39m     expect(run\u001b[33m.\u001b[39moperationalDifference)\u001b[33m.\u001b[39mtoBe(\u001b[35m0\u001b[39m)\u001b[33m;\u001b[39m\n     \u001b[90m 160 |\u001b[39m     expect(run\u001b[33m.\u001b[39mwarnings)\u001b[33m.\u001b[39mtoEqual([])\u001b[33m;\u001b[39m\u001b[0m\n\n      at Object.<anonymous> (tests/reconciliation.service.spec.ts:157:24)\n","name":"C:\\Users\\daram\\autovestai\\tests\\reconciliation.service.spec.ts","startTime":1775850948730,"status":"failed","summary":""},{"assertionResults":[{"ancestorTitles":["OrdersService"],"duration":3,"failureDetails":[],"failureMessages":[],"fullName":"OrdersService marks an order rejected when margin checks fail during execution","invocations":1,"location":null,"numPassingAsserts":2,"retryReasons":[],"status":"passed","title":"marks an order rejected when margin checks fail during execution"},{"ancestorTitles":["OrdersService"],"duration":22,"failureDetails":[{"matcherResult":{"message":"expect(received).rejects.toThrow(expected)\n\nExpected substring: \"KYC approval required before platform access\"\nReceived message:   \"The selected account is suspended\"\n\n    \u001b[0m \u001b[90m 659 |\u001b[39m   \u001b[36mprivate\u001b[39m assertAccountTradeable(account\u001b[33m:\u001b[39m \u001b[33mAccount\u001b[39m) {\n     \u001b[90m 660 |\u001b[39m     \u001b[36mif\u001b[39m (account\u001b[33m.\u001b[39mstatus \u001b[33m!==\u001b[39m \u001b[32m'ACTIVE'\u001b[39m) {\n    \u001b[31m\u001b[1m>\u001b[22m\u001b[39m\u001b[90m 661 |\u001b[39m       \u001b[36mthrow\u001b[39m \u001b[36mnew\u001b[39m \u001b[33mBadRequestException\u001b[39m(\u001b[32m'The selected account is suspended'\u001b[39m)\u001b[33m;\u001b[39m\n     \u001b[90m     |\u001b[39m             \u001b[31m\u001b[1m^\u001b[22m\u001b[39m\n     \u001b[90m 662 |\u001b[39m     }\n     \u001b[90m 663 |\u001b[39m   }\n     \u001b[90m 664 |\u001b[39m\u001b[0m\n\n      at OrdersService.assertAccountTradeable (src/modules/orders/orders.service.ts:661:13)\n      at OrdersService.placeOrder (src/modules/orders/orders.service.ts:105:10)\n      at async Object.<anonymous> (tests/orders.service.spec.ts:157:5)","pass":false},"message":"expect(received).rejects.toThrow(expected)\n\nExpected substring: \"KYC approval required before platform access\"\nReceived message:   \"The selected account is suspended\"\n\n    \u001b[0m \u001b[90m 659 |\u001b[39m   \u001b[36mprivate\u001b[39m assertAccountTradeable(account\u001b[33m:\u001b[39m \u001b[33mAccount\u001b[39m) {\n     \u001b[90m 660 |\u001b[39m     \u001b[36mif\u001b[39m (account\u001b[33m.\u001b[39mstatus \u001b[33m!==\u001b[39m \u001b[32m'ACTIVE'\u001b[39m) {\n    \u001b[31m\u001b[1m>\u001b[22m\u001b[39m\u001b[90m 661 |\u001b[39m       \u001b[36mthrow\u001b[39m \u001b[36mnew\u001b[39m \u001b[33mBadRequestException\u001b[39m(\u001b[32m'The selected account is suspended'\u001b[39m)\u001b[33m;\u001b[39m\n     \u001b[90m     |\u001b[39m             \u001b[31m\u001b[1m^\u001b[22m\u001b[39m\n     \u001b[90m 662 |\u001b[39m     }\n     \u001b[90m 663 |\u001b[39m   }\n     \u001b[90m 664 |\u001b[39m\u001b[0m\n\n      at OrdersService.assertAccountTradeable (src/modules/orders/orders.service.ts:661:13)\n      at OrdersService.placeOrder (src/modules/orders/orders.service.ts:105:10)\n      at async Object.<anonymous> (tests/orders.service.spec.ts:157:5)"}],"failureMessages":["Error: expect(received).rejects.toThrow(expected)\n\nExpected substring: \"KYC approval required before platform access\"\nReceived message:   \"The selected account is suspended\"\n\n    \u001b[0m \u001b[90m 659 |\u001b[39m   \u001b[36mprivate\u001b[39m assertAccountTradeable(account\u001b[33m:\u001b[39m \u001b[33mAccount\u001b[39m) {\n     \u001b[90m 660 |\u001b[39m     \u001b[36mif\u001b[39m (account\u001b[33m.\u001b[39mstatus \u001b[33m!==\u001b[39m \u001b[32m'ACTIVE'\u001b[39m) {\n    \u001b[31m\u001b[1m>\u001b[22m\u001b[39m\u001b[90m 661 |\u001b[39m       \u001b[36mthrow\u001b[39m \u001b[36mnew\u001b[39m \u001b[33mBadRequestException\u001b[39m(\u001b[32m'The selected account is suspended'\u001b[39m)\u001b[33m;\u001b[39m\n     \u001b[90m     |\u001b[39m             \u001b[31m\u001b[1m^\u001b[22m\u001b[39m\n     \u001b[90m 662 |\u001b[39m     }\n     \u001b[90m 663 |\u001b[39m   }\n     \u001b[90m 664 |\u001b[39m\u001b[0m\n\n      at OrdersService.assertAccountTradeable (src/modules/orders/orders.service.ts:661:13)\n      at OrdersService.placeOrder (src/modules/orders/orders.service.ts:105:10)\n      at async Object.<anonymous> (tests/orders.service.spec.ts:157:5)\n    at Object.toThrow (C:\\Users\\daram\\autovestai\\node_modules\\expect\\build\\index.js:218:22)\n    at Object.<anonymous> (C:\\Users\\daram\\autovestai\\tests\\orders.service.spec.ts:165:15)\n    at Promise.then.completed (C:\\Users\\daram\\autovestai\\node_modules\\jest-circus\\build\\utils.js:298:28)\n    at new Promise (<anonymous>)\n    at callAsyncCircusFn (C:\\Users\\daram\\autovestai\\node_modules\\jest-circus\\build\\utils.js:231:10)\n    at _callCircusTest (C:\\Users\\daram\\autovestai\\node_modules\\jest-circus\\build\\run.js:316:40)\n    at async _runTest (C:\\Users\\daram\\autovestai\\node_modules\\jest-circus\\build\\run.js:252:3)\n    at async _runTestsForDescribeBlock (C:\\Users\\daram\\autovestai\\node_modules\\jest-circus\\build\\run.js:126:9)\n    at async _runTestsForDescribeBlock (C:\\Users\\daram\\autovestai\\node_modules\\jest-circus\\build\\run.js:121:9)\n    at async run (C:\\Users\\daram\\autovestai\\node_modules\\jest-circus\\build\\run.js:71:3)\n    at async runAndTransformResultsToJestFormat (C:\\Users\\daram\\autovestai\\node_modules\\jest-circus\\build\\legacy-code-todo-rewrite\\jestAdapterInit.js:122:21)\n    at async jestAdapter (C:\\Users\\daram\\autovestai\\node_modules\\jest-circus\\build\\legacy-code-todo-rewrite\\jestAdapter.js:79:19)\n    at async runTestInternal (C:\\Users\\daram\\autovestai\\node_modules\\jest-runner\\build\\runTest.js:367:16)\n    at async runTest (C:\\Users\\daram\\autovestai\\node_modules\\jest-runner\\build\\runTest.js:444:34)"],"fullName":"OrdersService rejects order placement for users without approved KYC","invocations":1,"location":null,"numPassingAsserts":0,"retryReasons":[],"status":"failed","title":"rejects order placement for users without approved KYC"},{"ancestorTitles":["OrdersService"],"duration":5,"failureDetails":[{"matcherResult":{"message":"expect(received).rejects.toThrow(expected)\n\nExpected substring: \"Instrument is inactive: SPY\"\nReceived message:   \"The selected account is suspended\"\n\n    \u001b[0m \u001b[90m 659 |\u001b[39m   \u001b[36mprivate\u001b[39m assertAccountTradeable(account\u001b[33m:\u001b[39m \u001b[33mAccount\u001b[39m) {\n     \u001b[90m 660 |\u001b[39m     \u001b[36mif\u001b[39m (account\u001b[33m.\u001b[39mstatus \u001b[33m!==\u001b[39m \u001b[32m'ACTIVE'\u001b[39m) {\n    \u001b[31m\u001b[1m>\u001b[22m\u001b[39m\u001b[90m 661 |\u001b[39m       \u001b[36mthrow\u001b[39m \u001b[36mnew\u001b[39m \u001b[33mBadRequestException\u001b[39m(\u001b[32m'The selected account is suspended'\u001b[39m)\u001b[33m;\u001b[39m\n     \u001b[90m     |\u001b[39m             \u001b[31m\u001b[1m^\u001b[22m\u001b[39m\n     \u001b[90m 662 |\u001b[39m     }\n     \u001b[90m 663 |\u001b[39m   }\n     \u001b[90m 664 |\u001b[39m\u001b[0m\n\n      at OrdersService.assertAccountTradeable (src/modules/orders/orders.service.ts:661:13)\n      at OrdersService.placeOrder (src/modules/orders/orders.service.ts:105:10)\n      at async Object.<anonymous> (tests/orders.service.spec.ts:217:5)","pass":false},"message":"expect(received).rejects.toThrow(expected)\n\nExpected substring: \"Instrument is inactive: SPY\"\nReceived message:   \"The selected account is suspended\"\n\n    \u001b[0m \u001b[90m 659 |\u001b[39m   \u001b[36mprivate\u001b[39m assertAccountTradeable(account\u001b[33m:\u001b[39m \u001b[33mAccount\u001b[39m) {\n     \u001b[90m 660 |\u001b[39m     \u001b[36mif\u001b[39m (account\u001b[33m.\u001b[39mstatus \u001b[33m!==\u001b[39m \u001b[32m'ACTIVE'\u001b[39m) {\n    \u001b[31m\u001b[1m>\u001b[22m\u001b[39m\u001b[90m 661 |\u001b[39m       \u001b[36mthrow\u001b[39m \u001b[36mnew\u001b[39m \u001b[33mBadRequestException\u001b[39m(\u001b[32m'The selected account is suspended'\u001b[39m)\u001b[33m;\u001b[39m\n     \u001b[90m     |\u001b[39m             \u001b[31m\u001b[1m^\u001b[22m\u001b[39m\n     \u001b[90m 662 |\u001b[39m     }\n     \u001b[90m 663 |\u001b[39m   }\n     \u001b[90m 664 |\u001b[39m\u001b[0m\n\n      at OrdersService.assertAccountTradeable (src/modules/orders/orders.service.ts:661:13)\n      at OrdersService.placeOrder (src/modules/orders/orders.service.ts:105:10)\n      at async Object.<anonymous> (tests/orders.service.spec.ts:217:5)"}],"failureMessages":["Error: expect(received).rejects.toThrow(expected)\n\nExpected substring: \"Instrument is inactive: SPY\"\nReceived message:   \"The selected account is suspended\"\n\n    \u001b[0m \u001b[90m 659 |\u001b[39m   \u001b[36mprivate\u001b[39m assertAccountTradeable(account\u001b[33m:\u001b[39m \u001b[33mAccount\u001b[39m) {\n     \u001b[90m 660 |\u001b[39m     \u001b[36mif\u001b[39m (account\u001b[33m.\u001b[39mstatus \u001b[33m!==\u001b[39m \u001b[32m'ACTIVE'\u001b[39m) {\n    \u001b[31m\u001b[1m>\u001b[22m\u001b[39m\u001b[90m 661 |\u001b[39m       \u001b[36mthrow\u001b[39m \u001b[36mnew\u001b[39m \u001b[33mBadRequestException\u001b[39m(\u001b[32m'The selected account is suspended'\u001b[39m)\u001b[33m;\u001b[39m\n     \u001b[90m     |\u001b[39m             \u001b[31m\u001b[1m^\u001b[22m\u001b[39m\n     \u001b[90m 662 |\u001b[39m     }\n     \u001b[90m 663 |\u001b[39m   }\n     \u001b[90m 664 |\u001b[39m\u001b[0m\n\n      at OrdersService.assertAccountTradeable (src/modules/orders/orders.service.ts:661:13)\n      at OrdersService.placeOrder (src/modules/orders/orders.service.ts:105:10)\n      at async Object.<anonymous> (tests/orders.service.spec.ts:217:5)\n    at Object.toThrow (C:\\Users\\daram\\autovestai\\node_modules\\expect\\build\\index.js:218:22)\n    at Object.<anonymous> (C:\\Users\\daram\\autovestai\\tests\\orders.service.spec.ts:225:15)\n    at Promise.then.completed (C:\\Users\\daram\\autovestai\\node_modules\\jest-circus\\build\\utils.js:298:28)\n    at new Promise (<anonymous>)\n    at callAsyncCircusFn (C:\\Users\\daram\\autovestai\\node_modules\\jest-circus\\build\\utils.js:231:10)\n    at _callCircusTest (C:\\Users\\daram\\autovestai\\node_modules\\jest-circus\\build\\run.js:316:40)\n    at async _runTest (C:\\Users\\daram\\autovestai\\node_modules\\jest-circus\\build\\run.js:252:3)\n    at async _runTestsForDescribeBlock (C:\\Users\\daram\\autovestai\\node_modules\\jest-circus\\build\\run.js:126:9)\n    at async _runTestsForDescribeBlock (C:\\Users\\daram\\autovestai\\node_modules\\jest-circus\\build\\run.js:121:9)\n    at async run (C:\\Users\\daram\\autovestai\\node_modules\\jest-circus\\build\\run.js:71:3)\n    at async runAndTransformResultsToJestFormat (C:\\Users\\daram\\autovestai\\node_modules\\jest-circus\\build\\legacy-code-todo-rewrite\\jestAdapterInit.js:122:21)\n    at async jestAdapter (C:\\Users\\daram\\autovestai\\node_modules\\jest-circus\\build\\legacy-code-todo-rewrite\\jestAdapter.js:79:19)\n    at async runTestInternal (C:\\Users\\daram\\autovestai\\node_modules\\jest-runner\\build\\runTest.js:367:16)\n    at async runTest (C:\\Users\\daram\\autovestai\\node_modules\\jest-runner\\build\\runTest.js:444:34)"],"fullName":"OrdersService rejects order placement when the symbol is not enabled for rollout","invocations":1,"location":null,"numPassingAsserts":0,"retryReasons":[],"status":"failed","title":"rejects order placement when the symbol is not enabled for rollout"}],"endTime":1775850949328,"message":"  ● OrdersService › rejects order placement for users without approved KYC\n\n    expect(received).rejects.toThrow(expected)\n\n    Expected substring: \"KYC approval required before platform access\"\n    Received message:   \"The selected account is suspended\"\n\n        \u001b[0m \u001b[90m 659 |\u001b[39m   \u001b[36mprivate\u001b[39m assertAccountTradeable(account\u001b[33m:\u001b[39m \u001b[33mAccount\u001b[39m) {\n         \u001b[90m 660 |\u001b[39m     \u001b[36mif\u001b[39m (account\u001b[33m.\u001b[39mstatus \u001b[33m!==\u001b[39m \u001b[32m'ACTIVE'\u001b[39m) {\n        \u001b[31m\u001b[1m>\u001b[22m\u001b[39m\u001b[90m 661 |\u001b[39m       \u001b[36mthrow\u001b[39m \u001b[36mnew\u001b[39m \u001b[33mBadRequestException\u001b[39m(\u001b[32m'The selected account is suspended'\u001b[39m)\u001b[33m;\u001b[39m\n         \u001b[90m     |\u001b[39m             \u001b[31m\u001b[1m^\u001b[22m\u001b[39m\n         \u001b[90m 662 |\u001b[39m     }\n         \u001b[90m 663 |\u001b[39m   }\n         \u001b[90m 664 |\u001b[39m\u001b[0m\n\n      at OrdersService.assertAccountTradeable (src/modules/orders/orders.service.ts:661:13)\n      at OrdersService.placeOrder (src/modules/orders/orders.service.ts:105:10)\n      at async Object.<anonymous> (tests/orders.service.spec.ts:157:5)\n      at Object.toThrow (node_modules/expect/build/index.js:218:22)\n      at Object.<anonymous> (tests/orders.service.spec.ts:165:15)\n\n  ● OrdersService › rejects order placement when the symbol is not enabled for rollout\n\n    expect(received).rejects.toThrow(expected)\n\n    Expected substring: \"Instrument is inactive: SPY\"\n    Received message:   \"The selected account is suspended\"\n\n        \u001b[0m \u001b[90m 659 |\u001b[39m   \u001b[36mprivate\u001b[39m assertAccountTradeable(account\u001b[33m:\u001b[39m \u001b[33mAccount\u001b[39m) {\n         \u001b[90m 660 |\u001b[39m     \u001b[36mif\u001b[39m (account\u001b[33m.\u001b[39mstatus \u001b[33m!==\u001b[39m \u001b[32m'ACTIVE'\u001b[39m) {\n        \u001b[31m\u001b[1m>\u001b[22m\u001b[39m\u001b[90m 661 |\u001b[39m       \u001b[36mthrow\u001b[39m \u001b[36mnew\u001b[39m \u001b[33mBadRequestException\u001b[39m(\u001b[32m'The selected account is suspended'\u001b[39m)\u001b[33m;\u001b[39m\n         \u001b[90m     |\u001b[39m             \u001b[31m\u001b[1m^\u001b[22m\u001b[39m\n         \u001b[90m 662 |\u001b[39m     }\n         \u001b[90m 663 |\u001b[39m   }\n         \u001b[90m 664 |\u001b[39m\u001b[0m\n\n      at OrdersService.assertAccountTradeable (src/modules/orders/orders.service.ts:661:13)\n      at OrdersService.placeOrder (src/modules/orders/orders.service.ts:105:10)\n      at async Object.<anonymous> (tests/orders.service.spec.ts:217:5)\n      at Object.toThrow (node_modules/expect/build/index.js:218:22)\n      at Object.<anonymous> (tests/orders.service.spec.ts:225:15)\n","name":"C:\\Users\\daram\\autovestai\\tests\\orders.service.spec.ts","startTime":1775850948926,"status":"failed","summary":""},{"assertionResults":[{"ancestorTitles":["MarketDataService"],"duration":2,"failureDetails":[],"failureMessages":[],"fullName":"MarketDataService returns synthetic bars for enabled symbols when persisted history is empty","invocations":1,"location":null,"numPassingAsserts":6,"retryReasons":[],"status":"passed","title":"returns synthetic bars for enabled symbols when persisted history is empty"}],"endTime":1775850949667,"message":"","name":"C:\\Users\\daram\\autovestai\\tests\\market-data.service.spec.ts","startTime":1775850949338,"status":"passed","summary":""},{"assertionResults":[{"ancestorTitles":["AdminService"],"duration":1,"failureDetails":[],"failureMessages":[],"fullName":"AdminService enforces payout policy before approving a transaction","invocations":1,"location":null,"numPassingAsserts":2,"retryReasons":[],"status":"passed","title":"enforces payout policy before approving a transaction"},{"ancestorTitles":["AdminService"],"duration":1,"failureDetails":[],"failureMessages":[],"fullName":"AdminService returns masked admin session data without secret fields","invocations":1,"location":null,"numPassingAsserts":4,"retryReasons":[],"status":"passed","title":"returns masked admin session data without secret fields"}],"endTime":1775850950110,"message":"","name":"C:\\Users\\daram\\autovestai\\tests\\admin.service.spec.ts","startTime":1775850949678,"status":"passed","summary":""},{"assertionResults":[{"ancestorTitles":["PnlEngineService"],"duration":2,"failureDetails":[],"failureMessages":[],"fullName":"PnlEngineService keeps open risk when liquidation returns null and logs retry requirement","invocations":1,"location":null,"numPassingAsserts":4,"retryReasons":[],"status":"passed","title":"keeps open risk when liquidation returns null and logs retry requirement"}],"endTime":1775850950458,"message":"","name":"C:\\Users\\daram\\autovestai\\tests\\pnl-engine.service.spec.ts","startTime":1775850950120,"status":"passed","summary":""},{"assertionResults":[{"ancestorTitles":["RiskService"],"duration":1,"failureDetails":[],"failureMessages":[],"fullName":"RiskService calculates required margin with leverage","invocations":1,"location":null,"numPassingAsserts":1,"retryReasons":[],"status":"passed","title":"calculates required margin with leverage"},{"ancestorTitles":["RiskService"],"duration":1,"failureDetails":[],"failureMessages":[],"fullName":"RiskService changes required margin when leverage changes","invocations":1,"location":null,"numPassingAsserts":2,"retryReasons":[],"status":"passed","title":"changes required margin when leverage changes"},{"ancestorTitles":["RiskService"],"duration":0,"failureDetails":[],"failureMessages":[],"fullName":"RiskService calculates buy and sell pnl from bid/ask quotes","invocations":1,"location":null,"numPassingAsserts":2,"retryReasons":[],"status":"passed","title":"calculates buy and sell pnl from bid/ask quotes"},{"ancestorTitles":["RiskService"],"duration":4,"failureDetails":[],"failureMessages":[],"fullName":"RiskService rejects leverage above the symbol limit","invocations":1,"location":null,"numPassingAsserts":1,"retryReasons":[],"status":"passed","title":"rejects leverage above the symbol limit"}],"endTime":1775850950794,"message":"","name":"C:\\Users\\daram\\autovestai\\tests\\risk.service.spec.ts","startTime":1775850950469,"status":"passed","summary":""},{"assertionResults":[{"ancestorTitles":["ReconciliationController permissions"],"duration":4,"failureDetails":[],"failureMessages":[],"fullName":"ReconciliationController permissions requires treasury.manage on run access","invocations":1,"location":null,"numPassingAsserts":2,"retryReasons":[],"status":"passed","title":"requires treasury.manage on run access"},{"ancestorTitles":["ReconciliationController permissions"],"duration":2,"failureDetails":[],"failureMessages":[],"fullName":"ReconciliationController permissions requires treasury.view on latest/list/detail access","invocations":1,"location":null,"numPassingAsserts":6,"retryReasons":[],"status":"passed","title":"requires treasury.view on latest/list/detail access"}],"endTime":1775850951039,"message":"","name":"C:\\Users\\daram\\autovestai\\tests\\reconciliation.controller.spec.ts","startTime":1775850950810,"status":"passed","summary":""},{"assertionResults":[{"ancestorTitles":["TreasuryController permissions"],"duration":3,"failureDetails":[],"failureMessages":[],"fullName":"TreasuryController permissions requires treasury.view on summary access","invocations":1,"location":null,"numPassingAsserts":2,"retryReasons":[],"status":"passed","title":"requires treasury.view on summary access"},{"ancestorTitles":["TreasuryController permissions"],"duration":1,"failureDetails":[],"failureMessages":[],"fullName":"TreasuryController permissions requires treasury.manage on snapshot creation","invocations":1,"location":null,"numPassingAsserts":2,"retryReasons":[],"status":"passed","title":"requires treasury.manage on snapshot creation"}],"endTime":1775850951290,"message":"","name":"C:\\Users\\daram\\autovestai\\tests\\treasury.controller.spec.ts","startTime":1775850951055,"status":"passed","summary":""},{"assertionResults":[{"ancestorTitles":["AffiliatesService"],"duration":1,"failureDetails":[],"failureMessages":[],"fullName":"AffiliatesService creates pending commissions for upstream affiliates on executed orders","invocations":1,"location":null,"numPassingAsserts":1,"retryReasons":[],"status":"passed","title":"creates pending commissions for upstream affiliates on executed orders"},{"ancestorTitles":["AffiliatesService"],"duration":2,"failureDetails":[],"failureMessages":[],"fullName":"AffiliatesService rejects affiliate applications for users without approved KYC","invocations":1,"location":null,"numPassingAsserts":1,"retryReasons":[],"status":"passed","title":"rejects affiliate applications for users without approved KYC"}],"endTime":1775850951444,"message":"","name":"C:\\Users\\daram\\autovestai\\tests\\affiliates.service.spec.ts","startTime":1775850951302,"status":"passed","summary":""},{"assertionResults":[{"ancestorTitles":["TreasuryService"],"duration":2,"failureDetails":[],"failureMessages":[],"fullName":"TreasuryService calculates the treasury summary totals","invocations":1,"location":null,"numPassingAsserts":8,"retryReasons":[],"status":"passed","title":"calculates the treasury summary totals"},{"ancestorTitles":["TreasuryService"],"duration":0,"failureDetails":[],"failureMessages":[],"fullName":"TreasuryService derives reconciliation status from balance and warning state","invocations":1,"location":null,"numPassingAsserts":3,"retryReasons":[],"status":"passed","title":"derives reconciliation status from balance and warning state"},{"ancestorTitles":["TreasuryService"],"duration":1,"failureDetails":[],"failureMessages":[],"fullName":"TreasuryService returns a no snapshot warning when no treasury balance exists","invocations":1,"location":null,"numPassingAsserts":3,"retryReasons":[],"status":"passed","title":"returns a no snapshot warning when no treasury balance exists"},{"ancestorTitles":["TreasuryService"],"duration":0,"failureDetails":[],"failureMessages":[],"fullName":"TreasuryService warns when liabilities exceed treasury","invocations":1,"location":null,"numPassingAsserts":2,"retryReasons":[],"status":"passed","title":"warns when liabilities exceed treasury"}],"endTime":1775850951590,"message":"","name":"C:\\Users\\daram\\autovestai\\tests\\treasury.service.spec.ts","startTime":1775850951454,"status":"passed","summary":""},{"assertionResults":[{"ancestorTitles":["PermissionsGuard"],"duration":2,"failureDetails":[],"failureMessages":[],"fullName":"PermissionsGuard throws when the authenticated user is missing permissions","invocations":1,"location":null,"numPassingAsserts":1,"retryReasons":[],"status":"passed","title":"throws when the authenticated user is missing permissions"}],"endTime":1775850951741,"message":"","name":"C:\\Users\\daram\\autovestai\\tests\\common\\permissions.guard.spec.ts","startTime":1775850951599,"status":"passed","summary":""},{"assertionResults":[{"ancestorTitles":["RebatesService"],"duration":1,"failureDetails":[],"failureMessages":[],"fullName":"RebatesService calculates affiliate rebate from broker revenue","invocations":1,"location":null,"numPassingAsserts":2,"retryReasons":[],"status":"passed","title":"calculates affiliate rebate from broker revenue"},{"ancestorTitles":["RebatesService"],"duration":1,"failureDetails":[],"failureMessages":[],"fullName":"RebatesService calculates gross and net broker revenue","invocations":1,"location":null,"numPassingAsserts":2,"retryReasons":[],"status":"passed","title":"calculates gross and net broker revenue"}],"endTime":1775850951862,"message":"","name":"C:\\Users\\daram\\autovestai\\tests\\rebates.service.spec.ts","startTime":1775850951755,"status":"passed","summary":""},{"assertionResults":[{"ancestorTitles":["SurveillanceService"],"duration":1,"failureDetails":[],"failureMessages":[],"fullName":"SurveillanceService flags repeated rejected orders","invocations":1,"location":null,"numPassingAsserts":1,"retryReasons":[],"status":"passed","title":"flags repeated rejected orders"}],"endTime":1775850951980,"message":"","name":"C:\\Users\\daram\\autovestai\\tests\\surveillance.service.spec.ts","startTime":1775850951874,"status":"passed","summary":""},{"assertionResults":[],"coverage":{},"endTime":1775850953267,"message":"  ● Test suite failed to run\n\n    \u001b[96msrc/modules/accounts/accounts.service.spec.ts\u001b[0m:\u001b[93m83\u001b[0m:\u001b[93m16\u001b[0m - \u001b[91merror\u001b[0m\u001b[90m TS2554: \u001b[0mExpected 6 arguments, but got 5.\n\n    \u001b[7m 83\u001b[0m       service: new AccountsService(\n    \u001b[7m   \u001b[0m \u001b[91m               ~~~~~~~~~~~~~~~~~~~~\u001b[0m\n    \u001b[7m 84\u001b[0m         prismaService as never,\n    \u001b[7m   \u001b[0m \u001b[91m~~~~~~~~~~~~~~~~~~~~~~~~~~~~~~~\u001b[0m\n    \u001b[7m...\u001b[0m \n    \u001b[7m 88\u001b[0m         positionsService as never,\n    \u001b[7m   \u001b[0m \u001b[91m~~~~~~~~~~~~~~~~~~~~~~~~~~~~~~~~~~\u001b[0m\n    \u001b[7m 89\u001b[0m       ),\n    \u001b[7m   \u001b[0m \u001b[91m~~~~~~~\u001b[0m\n\n      \u001b[96msrc/modules/accounts/accounts.service.ts\u001b[0m:\u001b[93m36\u001b[0m:\u001b[93m5\u001b[0m\n        \u001b[7m36\u001b[0m     @Inject(forwardRef(() => PositionsService))\n        \u001b[7m  \u001b[0m \u001b[96m    ~~~~~~~~~~~~~~~~~~~~~~~~~~~~~~~~~~~~~~~~~~~\u001b[0m\n        \u001b[7m37\u001b[0m     private readonly positionsService: PositionsService,\n        \u001b[7m  \u001b[0m \u001b[96m~~~~~~~~~~~~~~~~~~~~~~~~~~~~~~~~~~~~~~~~~~~~~~~~~~~~~~~\u001b[0m\n        An argument for 'positionsService' was not provided.\n","name":"C:\\Users\\daram\\autovestai\\src\\modules\\accounts\\accounts.service.spec.ts","startTime":1775850953267,"status":"failed","summary":""},{"assertionResults":[],"coverage":{},"endTime":1775850953267,"message":"  ● Test suite failed to run\n\n    \u001b[96mtests/users.service.spec.ts\u001b[0m:\u001b[93m6\u001b[0m:\u001b[93m29\u001b[0m - \u001b[91merror\u001b[0m\u001b[90m TS2307: \u001b[0mCannot find module '../src/modules/rbac/rbac.service' or its corresponding type declarations.\n\n    \u001b[7m6\u001b[0m import { RbacService } from '../src/modules/rbac/rbac.service';\n    \u001b[7m \u001b[0m \u001b[91m                            ~~~~~~~~~~~~~~~~~~~~~~~~~~~~~~~~~~\u001b[0m\n    \u001b[96mtests/users.service.spec.ts\u001b[0m:\u001b[93m99\u001b[0m:\u001b[93m34\u001b[0m - \u001b[91merror\u001b[0m\u001b[90m TS2339: \u001b[0mProperty 'promoteBootstrapAdminIfEligible' does not exist on type 'UsersService'.\n\n    \u001b[7m99\u001b[0m     const result = await service.promoteBootstrapAdminIfEligible({\n    \u001b[7m  \u001b[0m \u001b[91m                                 ~~~~~~~~~~~~~~~~~~~~~~~~~~~~~~~\u001b[0m\n    \u001b[96mtests/users.service.spec.ts\u001b[0m:\u001b[93m151\u001b[0m:\u001b[93m34\u001b[0m - \u001b[91merror\u001b[0m\u001b[90m TS2339: \u001b[0mProperty 'promoteBootstrapAdminIfEligible' does not exist on type 'UsersService'.\n\n    \u001b[7m151\u001b[0m     const result = await service.promoteBootstrapAdminIfEligible(user as never);\n    \u001b[7m   \u001b[0m \u001b[91m                                 ~~~~~~~~~~~~~~~~~~~~~~~~~~~~~~~\u001b[0m\n","name":"C:\\Users\\daram\\autovestai\\tests\\users.service.spec.ts","startTime":1775850953267,"status":"failed","summary":""},{"assertionResults":[],"coverage":{},"endTime":1775850953267,"message":"  ● Test suite failed to run\n\n    \u001b[96mtests/transaction-monitor.service.spec.ts\u001b[0m:\u001b[93m14\u001b[0m:\u001b[93m43\u001b[0m - \u001b[91merror\u001b[0m\u001b[90m TS2307: \u001b[0mCannot find module '../src/modules/wallet/transaction-monitor.service' or its corresponding type declarations.\n\n    \u001b[7m14\u001b[0m import { TransactionMonitorService } from '../src/modules/wallet/transaction-monitor.service';\n    \u001b[7m  \u001b[0m \u001b[91m                                          ~~~~~~~~~~~~~~~~~~~~~~~~~~~~~~~~~~~~~~~~~~~~~~~~~~~\u001b[0m\n","name":"C:\\Users\\daram\\autovestai\\tests\\transaction-monitor.service.spec.ts","startTime":1775850953267,"status":"failed","summary":""},{"assertionResults":[],"coverage":{},"endTime":1775850953267,"message":"  ● Test suite failed to run\n\n    \u001b[96mtests/positions.service.spec.ts\u001b[0m:\u001b[93m120\u001b[0m:\u001b[93m21\u001b[0m - \u001b[91merror\u001b[0m\u001b[90m TS2554: \u001b[0mExpected 10 arguments, but got 9.\n\n    \u001b[7m120\u001b[0m     const service = new PositionsService(\n    \u001b[7m   \u001b[0m \u001b[91m                    ~~~~~~~~~~~~~~~~~~~~~\u001b[0m\n    \u001b[7m121\u001b[0m       prismaService as never,\n    \u001b[7m   \u001b[0m \u001b[91m~~~~~~~~~~~~~~~~~~~~~~~~~~~~~\u001b[0m\n    \u001b[7m...\u001b[0m \n    \u001b[7m146\u001b[0m       } as never,\n    \u001b[7m   \u001b[0m \u001b[91m~~~~~~~~~~~~~~~~~\u001b[0m\n    \u001b[7m147\u001b[0m     );\n    \u001b[7m   \u001b[0m \u001b[91m~~~~~\u001b[0m\n\n      \u001b[96msrc/modules/positions/positions.service.ts\u001b[0m:\u001b[93m61\u001b[0m:\u001b[93m5\u001b[0m\n        \u001b[7m61\u001b[0m     private readonly dealingDeskService: DealingDeskService,\n        \u001b[7m  \u001b[0m \u001b[96m    ~~~~~~~~~~~~~~~~~~~~~~~~~~~~~~~~~~~~~~~~~~~~~~~~~~~~~~~\u001b[0m\n        An argument for 'dealingDeskService' was not provided.\n    \u001b[96mtests/positions.service.spec.ts\u001b[0m:\u001b[93m160\u001b[0m:\u001b[93m21\u001b[0m - \u001b[91merror\u001b[0m\u001b[90m TS2554: \u001b[0mExpected 10 arguments, but got 9.\n\n    \u001b[7m160\u001b[0m     const service = new PositionsService(\n    \u001b[7m   \u001b[0m \u001b[91m                    ~~~~~~~~~~~~~~~~~~~~~\u001b[0m\n    \u001b[7m161\u001b[0m       {\n    \u001b[7m   \u001b[0m \u001b[91m~~~~~~~\u001b[0m\n    \u001b[7m...\u001b[0m \n    \u001b[7m193\u001b[0m       } as never,\n    \u001b[7m   \u001b[0m \u001b[91m~~~~~~~~~~~~~~~~~\u001b[0m\n    \u001b[7m194\u001b[0m     );\n    \u001b[7m   \u001b[0m \u001b[91m~~~~~\u001b[0m\n\n      \u001b[96msrc/modules/positions/positions.service.ts\u001b[0m:\u001b[93m61\u001b[0m:\u001b[93m5\u001b[0m\n        \u001b[7m61\u001b[0m     private readonly dealingDeskService: DealingDeskService,\n        \u001b[7m  \u001b[0m \u001b[96m    ~~~~~~~~~~~~~~~~~~~~~~~~~~~~~~~~~~~~~~~~~~~~~~~~~~~~~~~\u001b[0m\n        An argument for 'dealingDeskService' was not provided.\n    \u001b[96mtests/positions.service.spec.ts\u001b[0m:\u001b[93m205\u001b[0m:\u001b[93m21\u001b[0m - \u001b[91merror\u001b[0m\u001b[90m TS2554: \u001b[0mExpected 10 arguments, but got 9.\n\n    \u001b[7m205\u001b[0m     const service = new PositionsService(\n    \u001b[7m   \u001b[0m \u001b[91m                    ~~~~~~~~~~~~~~~~~~~~~\u001b[0m\n    \u001b[7m206\u001b[0m       {\n    \u001b[7m   \u001b[0m \u001b[91m~~~~~~~\u001b[0m\n    \u001b[7m...\u001b[0m \n    \u001b[7m251\u001b[0m       } as never,\n    \u001b[7m   \u001b[0m \u001b[91m~~~~~~~~~~~~~~~~~\u001b[0m\n    \u001b[7m252\u001b[0m     );\n    \u001b[7m   \u001b[0m \u001b[91m~~~~~\u001b[0m\n\n      \u001b[96msrc/modules/positions/positions.service.ts\u001b[0m:\u001b[93m61\u001b[0m:\u001b[93m5\u001b[0m\n        \u001b[7m61\u001b[0m     private readonly dealingDeskService: DealingDeskService,\n        \u001b[7m  \u001b[0m \u001b[96m    ~~~~~~~~~~~~~~~~~~~~~~~~~~~~~~~~~~~~~~~~~~~~~~~~~~~~~~~\u001b[0m\n        An argument for 'dealingDeskService' was not provided.\n","name":"C:\\Users\\daram\\autovestai\\tests\\positions.service.spec.ts","startTime":1775850953267,"status":"failed","summary":""},{"assertionResults":[],"coverage":{},"endTime":1775850953267,"message":"  ● Test suite failed to run\n\n    \u001b[96mtests/kyc.service.spec.ts\u001b[0m:\u001b[93m23\u001b[0m:\u001b[93m21\u001b[0m - \u001b[91merror\u001b[0m\u001b[90m TS2554: \u001b[0mExpected 4 arguments, but got 2.\n\n    \u001b[7m 23\u001b[0m     const service = new KycService(\n    \u001b[7m   \u001b[0m \u001b[91m                    ~~~~~~~~~~~~~~~\u001b[0m\n    \u001b[7m 24\u001b[0m       prismaService as never,\n    \u001b[7m   \u001b[0m \u001b[91m~~~~~~~~~~~~~~~~~~~~~~~~~~~~~\u001b[0m\n    \u001b[7m...\u001b[0m \n    \u001b[7m 27\u001b[0m       } as never,\n    \u001b[7m   \u001b[0m \u001b[91m~~~~~~~~~~~~~~~~~\u001b[0m\n    \u001b[7m 28\u001b[0m     );\n    \u001b[7m   \u001b[0m \u001b[91m~~~~~\u001b[0m\n\n      \u001b[96msrc/modules/kyc/kyc.service.ts\u001b[0m:\u001b[93m24\u001b[0m:\u001b[93m5\u001b[0m\n        \u001b[7m24\u001b[0m     private readonly crmService: CrmService,\n        \u001b[7m  \u001b[0m \u001b[96m    ~~~~~~~~~~~~~~~~~~~~~~~~~~~~~~~~~~~~~~~\u001b[0m\n        An argument for 'crmService' was not provided.\n    \u001b[96mtests/kyc.service.spec.ts\u001b[0m:\u001b[93m36\u001b[0m:\u001b[93m21\u001b[0m - \u001b[91merror\u001b[0m\u001b[90m TS2554: \u001b[0mExpected 4 arguments, but got 2.\n\n    \u001b[7m 36\u001b[0m     const service = new KycService(\n    \u001b[7m   \u001b[0m \u001b[91m                    ~~~~~~~~~~~~~~~\u001b[0m\n    \u001b[7m 37\u001b[0m       {\n    \u001b[7m   \u001b[0m \u001b[91m~~~~~~~\u001b[0m\n    \u001b[7m...\u001b[0m \n    \u001b[7m 45\u001b[0m       } as never,\n    \u001b[7m   \u001b[0m \u001b[91m~~~~~~~~~~~~~~~~~\u001b[0m\n    \u001b[7m 46\u001b[0m     );\n    \u001b[7m   \u001b[0m \u001b[91m~~~~~\u001b[0m\n\n      \u001b[96msrc/modules/kyc/kyc.service.ts\u001b[0m:\u001b[93m24\u001b[0m:\u001b[93m5\u001b[0m\n        \u001b[7m24\u001b[0m     private readonly crmService: CrmService,\n        \u001b[7m  \u001b[0m \u001b[96m    ~~~~~~~~~~~~~~~~~~~~~~~~~~~~~~~~~~~~~~~\u001b[0m\n        An argument for 'crmService' was not provided.\n    \u001b[96mtests/kyc.service.spec.ts\u001b[0m:\u001b[93m71\u001b[0m:\u001b[93m21\u001b[0m - \u001b[91merror\u001b[0m\u001b[90m TS2554: \u001b[0mExpected 4 arguments, but got 2.\n\n    \u001b[7m 71\u001b[0m     const service = new KycService(\n    \u001b[7m   \u001b[0m \u001b[91m                    ~~~~~~~~~~~~~~~\u001b[0m\n    \u001b[7m 72\u001b[0m       prismaService as never,\n    \u001b[7m   \u001b[0m \u001b[91m~~~~~~~~~~~~~~~~~~~~~~~~~~~~~\u001b[0m\n    \u001b[7m...\u001b[0m \n    \u001b[7m 75\u001b[0m       } as never,\n    \u001b[7m   \u001b[0m \u001b[91m~~~~~~~~~~~~~~~~~\u001b[0m\n    \u001b[7m 76\u001b[0m     );\n    \u001b[7m   \u001b[0m \u001b[91m~~~~~\u001b[0m\n\n      \u001b[96msrc/modules/kyc/kyc.service.ts\u001b[0m:\u001b[93m24\u001b[0m:\u001b[93m5\u001b[0m\n        \u001b[7m24\u001b[0m     private readonly crmService: CrmService,\n        \u001b[7m  \u001b[0m \u001b[96m    ~~~~~~~~~~~~~~~~~~~~~~~~~~~~~~~~~~~~~~~\u001b[0m\n        An argument for 'crmService' was not provided.\n    \u001b[96mtests/kyc.service.spec.ts\u001b[0m:\u001b[93m97\u001b[0m:\u001b[93m21\u001b[0m - \u001b[91merror\u001b[0m\u001b[90m TS2554: \u001b[0mExpected 4 arguments, but got 2.\n\n    \u001b[7m 97\u001b[0m     const service = new KycService(\n    \u001b[7m   \u001b[0m \u001b[91m                    ~~~~~~~~~~~~~~~\u001b[0m\n    \u001b[7m 98\u001b[0m       {\n    \u001b[7m   \u001b[0m \u001b[91m~~~~~~~\u001b[0m\n    \u001b[7m...\u001b[0m \n    \u001b[7m107\u001b[0m       } as never,\n    \u001b[7m   \u001b[0m \u001b[91m~~~~~~~~~~~~~~~~~\u001b[0m\n    \u001b[7m108\u001b[0m     );\n    \u001b[7m   \u001b[0m \u001b[91m~~~~~\u001b[0m\n\n      \u001b[96msrc/modules/kyc/kyc.service.ts\u001b[0m:\u001b[93m24\u001b[0m:\u001b[93m5\u001b[0m\n        \u001b[7m24\u001b[0m     private readonly crmService: CrmService,\n        \u001b[7m  \u001b[0m \u001b[96m    ~~~~~~~~~~~~~~~~~~~~~~~~~~~~~~~~~~~~~~~\u001b[0m\n        An argument for 'crmService' was not provided.\n","name":"C:\\Users\\daram\\autovestai\\tests\\kyc.service.spec.ts","startTime":1775850953267,"status":"failed","summary":""},{"assertionResults":[],"coverage":{},"endTime":1775850953267,"message":"  ● Test suite failed to run\n\n    \u001b[96mtests/copy-trading.service.spec.ts\u001b[0m:\u001b[93m89\u001b[0m:\u001b[93m7\u001b[0m - \u001b[91merror\u001b[0m\u001b[90m TS2554: \u001b[0mExpected 8 arguments, but got 10.\n\n    \u001b[7m89\u001b[0m       {} as never,\n    \u001b[7m  \u001b[0m \u001b[91m      ~~~~~~~~~~~~\u001b[0m\n    \u001b[7m90\u001b[0m       {} as never,\n    \u001b[7m  \u001b[0m \u001b[91m~~~~~~~~~~~~~~~~~\u001b[0m\n    \u001b[96mtests/copy-trading.service.spec.ts\u001b[0m:\u001b[93m120\u001b[0m:\u001b[93m7\u001b[0m - \u001b[91merror\u001b[0m\u001b[90m TS2554: \u001b[0mExpected 8 arguments, but got 10.\n\n    \u001b[7m120\u001b[0m       {} as never,\n    \u001b[7m   \u001b[0m \u001b[91m      ~~~~~~~~~~~~\u001b[0m\n    \u001b[7m121\u001b[0m       {} as never,\n    \u001b[7m   \u001b[0m \u001b[91m~~~~~~~~~~~~~~~~~\u001b[0m\n    \u001b[96mtests/copy-trading.service.spec.ts\u001b[0m:\u001b[93m125\u001b[0m:\u001b[93m15\u001b[0m - \u001b[91merror\u001b[0m\u001b[90m TS2339: \u001b[0mProperty 'applyMaster' does not exist on type 'CopyTradingService'.\n\n    \u001b[7m125\u001b[0m       service.applyMaster('user-1', {\n    \u001b[7m   \u001b[0m \u001b[91m              ~~~~~~~~~~~\u001b[0m\n","name":"C:\\Users\\daram\\autovestai\\tests\\copy-trading.service.spec.ts","startTime":1775850953267,"status":"failed","summary":""}],"wasInterrupted":false}
